#
# There is insufficient memory for the Java Runtime Environment to continue.
# Native memory allocation (mmap) failed to map 266338304 bytes for G1 virtual space
# Possible reasons:
#   The system is out of physical RAM or swap space
#   The process is running with CompressedOops enabled, and the Java Heap may be blocking the growth of the native heap
# Possible solutions:
#   Reduce memory load on the system
#   Increase physical memory or swap space
#   Check if swap backing store is full
#   Decrease Java heap size (-Xmx/-Xms)
#   Decrease number of Java threads
#   Decrease Java thread stack sizes (-Xss)
#   Set larger code cache with -XX:ReservedCodeCacheSize=
#   JVM is running with Zero Based Compressed Oops mode in which the Java heap is
#     placed in the first 32GB address space. The Java Heap base address is the
#     maximum limit for the native heap growth. Please use -XX:HeapBaseMinAddress
#     to set the Java Heap base and to place the Java Heap above 32GB virtual address.
# This output file may be truncated or incomplete.
#
#  Out of Memory Error (os_windows.cpp:3600), pid=10108, tid=17428
#
# JRE version:  (21.0.2+13) (build )
# Java VM: OpenJDK 64-Bit Server VM (21.0.2+13-58, mixed mode, sharing, tiered, compressed oops, compressed class ptrs, g1 gc, windows-amd64)
# No core dump will be written. Minidumps are not enabled by default on client versions of Windows
#

---------------  S U M M A R Y ------------

Command Line: -ea -Didea.test.cyclic.buffer.size=1048576 -javaagent:C:\Program Files\JetBrains\IntelliJ IDEA Community Edition 2023.3.6\lib\idea_rt.jar=49753:C:\Program Files\JetBrains\IntelliJ IDEA Community Edition 2023.3.6\bin -Dfile.encoding=UTF-8 -Dsun.stdout.encoding=UTF-8 -Dsun.stderr.encoding=UTF-8 com.intellij.rt.junit.JUnitStarter -ideVersion5 -junit4 runners.TestRunner

Host: 11th Gen Intel(R) Core(TM) i5-11320H @ 3.20GHz, 8 cores, 15G,  Windows 11 , 64 bit Build 26100 (10.0.26100.4202)
Time: Mon Jun 16 08:45:16 2025 SE Asia Standard Time elapsed time: 1.098312 seconds (0d 0h 0m 1s)

---------------  T H R E A D  ---------------

Current thread (0x00000235dcee71c0):  JavaThread "Unknown thread" [_thread_in_vm, id=17428, stack(0x000000de6fa00000,0x000000de6fb00000) (1024K)]

Stack: [0x000000de6fa00000,0x000000de6fb00000]
Native frames: (J=compiled Java code, j=interpreted, Vv=VM code, C=native code)
V  [jvm.dll+0x6cade9]
V  [jvm.dll+0x8569c1]
V  [jvm.dll+0x858d2e]
V  [jvm.dll+0x859413]
V  [jvm.dll+0x280e56]
V  [jvm.dll+0x6c74d5]
V  [jvm.dll+0x6bbeca]
V  [jvm.dll+0x355bca]
V  [jvm.dll+0x35d816]
V  [jvm.dll+0x3ae67e]
V  [jvm.dll+0x3ae928]
V  [jvm.dll+0x3295dc]
V  [jvm.dll+0x32a16b]
V  [jvm.dll+0x81efa9]
V  [jvm.dll+0x3bba01]
V  [jvm.dll+0x807928]
V  [jvm.dll+0x44f50e]
V  [jvm.dll+0x450e11]
C  [jli.dll+0x52a3]
C  [ucrtbase.dll+0x37b0]
C  [KERNEL32.DLL+0x2e8d7]
C  [ntdll.dll+0x3c34c]


---------------  P R O C E S S  ---------------

Threads class SMR info:
_java_thread_list=0x00007ffaad4cbb88, length=0, elements={
}

Java Threads: ( => current thread )
Total: 0

Other Threads:
  0x00000235dcf4cd20 WorkerThread "GC Thread#0"                     [id=17236, stack(0x000000de6fb00000,0x000000de6fc00000) (1024K)]
  0x00000235dcf5e810 ConcurrentGCThread "G1 Main Marker"            [id=17828, stack(0x000000de6fc00000,0x000000de6fd00000) (1024K)]
  0x00000235dcf5f320 WorkerThread "G1 Conc#0"                       [id=15864, stack(0x000000de6fd00000,0x000000de6fe00000) (1024K)]

[error occurred during error reporting (printing all threads), id 0xc0000005, EXCEPTION_ACCESS_VIOLATION (0xc0000005) at pc=0x00007ffaacc3c6a7]
VM state: not at safepoint (not fully initialized)

VM Mutex/Monitor currently owned by a thread:  ([mutex/lock_event])
[0x00007ffaad53ce68] Heap_lock - owner thread: 0x00000235dcee71c0

Heap address: 0x0000000703600000, size: 4042 MB, Compressed Oops mode: Zero based, Oop shift amount: 3

CDS archive(s) mapped at: [0x0000000000000000-0x0000000000000000-0x0000000000000000), size 0, SharedBaseAddress: 0x0000000800000000, ArchiveRelocationMode: 1.
Narrow klass base: 0x0000000000000000, Narrow klass shift: 0, Narrow klass range: 0x0

GC Precious Log:
 CardTable entry size: 512
 Card Set container configuration: InlinePtr #cards 4 size 8 Array Of Cards #cards 16 size 48 Howl #buckets 8 coarsen threshold 3686 Howl Bitmap #cards 512 size 80 coarsen threshold 460 Card regions per heap region 1 cards per card region 4096

Heap:
 garbage-first heap   total 0K, used 0K [0x0000000703600000, 0x0000000800000000)
  region size 2048K, 0 young (0K), 0 survivors (0K)

[error occurred during error reporting (printing heap information), id 0xc0000005, EXCEPTION_ACCESS_VIOLATION (0xc0000005) at pc=0x00007ffaad0239f9]
GC Heap History (0 events):
No events

Dll operation events (1 events):
Event: 0.012 Loaded shared library C:\Users\LENOVO\.jdks\openjdk-21.0.2\bin\java.dll

Deoptimization events (0 events):
No events

Classes loaded (0 events):
No events

Classes unloaded (0 events):
No events

Classes redefined (0 events):
No events

Internal exceptions (0 events):
No events

ZGC Phase Switch (0 events):
No events

VM Operations (0 events):
No events

Events (0 events):
No events


Dynamic libraries:
0x00007ff749df0000 - 0x00007ff749dfe000 	C:\Users\LENOVO\.jdks\openjdk-21.0.2\bin\java.exe
0x00007ffb492a0000 - 0x00007ffb49505000 	C:\WINDOWS\SYSTEM32\ntdll.dll
0x00007ffb48640000 - 0x00007ffb48709000 	C:\WINDOWS\System32\KERNEL32.DLL
0x00007ffb46620000 - 0x00007ffb46a08000 	C:\WINDOWS\System32\KERNELBASE.dll
0x00007ffb46e30000 - 0x00007ffb46f7b000 	C:\WINDOWS\System32\ucrtbase.dll
0x00007ffb2b2e0000 - 0x00007ffb2b2fb000 	C:\Users\LENOVO\.jdks\openjdk-21.0.2\bin\VCRUNTIME140.dll
0x00007ffb41290000 - 0x00007ffb412a8000 	C:\Users\LENOVO\.jdks\openjdk-21.0.2\bin\jli.dll
0x00007ffb48720000 - 0x00007ffb488ea000 	C:\WINDOWS\System32\USER32.dll
0x00007ffb46ab0000 - 0x00007ffb46ad7000 	C:\WINDOWS\System32\win32u.dll
0x00007ffb2c3d0000 - 0x00007ffb2c66a000 	C:\WINDOWS\WinSxS\amd64_microsoft.windows.common-controls_6595b64144ccf1df_6.0.26100.4202_none_3e0698d4e335f517\COMCTL32.dll
0x00007ffb48490000 - 0x00007ffb484bb000 	C:\WINDOWS\System32\GDI32.dll
0x00007ffb48c10000 - 0x00007ffb48cb9000 	C:\WINDOWS\System32\msvcrt.dll
0x00007ffb46ae0000 - 0x00007ffb46c17000 	C:\WINDOWS\System32\gdi32full.dll
0x00007ffb46570000 - 0x00007ffb46613000 	C:\WINDOWS\System32\msvcp_win.dll
0x00007ffb48450000 - 0x00007ffb48480000 	C:\WINDOWS\System32\IMM32.DLL
0x00007ffb41280000 - 0x00007ffb4128c000 	C:\Users\LENOVO\.jdks\openjdk-21.0.2\bin\vcruntime140_1.dll
0x00007ffada3b0000 - 0x00007ffada43e000 	C:\Users\LENOVO\.jdks\openjdk-21.0.2\bin\msvcp140.dll
0x00007ffaac900000 - 0x00007ffaad617000 	C:\Users\LENOVO\.jdks\openjdk-21.0.2\bin\server\jvm.dll
0x00007ffb48cc0000 - 0x00007ffb48d73000 	C:\WINDOWS\System32\ADVAPI32.dll
0x00007ffb491b0000 - 0x00007ffb49256000 	C:\WINDOWS\System32\sechost.dll
0x00007ffb47040000 - 0x00007ffb47155000 	C:\WINDOWS\System32\RPCRT4.dll
0x00007ffb47600000 - 0x00007ffb47674000 	C:\WINDOWS\System32\WS2_32.dll
0x00007ffb45030000 - 0x00007ffb4508e000 	C:\WINDOWS\SYSTEM32\POWRPROF.dll
0x00007ffb3b7d0000 - 0x00007ffb3b805000 	C:\WINDOWS\SYSTEM32\WINMM.dll
0x00007ffb3d830000 - 0x00007ffb3d83b000 	C:\WINDOWS\SYSTEM32\VERSION.dll
0x00007ffb45010000 - 0x00007ffb45024000 	C:\WINDOWS\SYSTEM32\UMPDC.dll
0x00007ffb452d0000 - 0x00007ffb452eb000 	C:\WINDOWS\SYSTEM32\kernel.appcore.dll
0x00007ffb3f6f0000 - 0x00007ffb3f6fa000 	C:\Users\LENOVO\.jdks\openjdk-21.0.2\bin\jimage.dll
0x00007ffb43640000 - 0x00007ffb43881000 	C:\WINDOWS\SYSTEM32\DBGHELP.DLL
0x00007ffb48d80000 - 0x00007ffb49105000 	C:\WINDOWS\System32\combase.dll
0x00007ffb484c0000 - 0x00007ffb485a1000 	C:\WINDOWS\System32\OLEAUT32.dll
0x00007ffb21f40000 - 0x00007ffb21f79000 	C:\WINDOWS\SYSTEM32\dbgcore.DLL
0x00007ffb46a10000 - 0x00007ffb46aa9000 	C:\WINDOWS\System32\bcryptPrimitives.dll
0x00007ffb2a970000 - 0x00007ffb2a97f000 	C:\Users\LENOVO\.jdks\openjdk-21.0.2\bin\instrument.dll
0x00007ffb2b2c0000 - 0x00007ffb2b2df000 	C:\Users\LENOVO\.jdks\openjdk-21.0.2\bin\java.dll

dbghelp: loaded successfully - version: 4.0.5 - missing functions: none
symbol engine: initialized successfully - sym options: 0x614 - pdb path: .;C:\Users\LENOVO\.jdks\openjdk-21.0.2\bin;C:\WINDOWS\SYSTEM32;C:\WINDOWS\WinSxS\amd64_microsoft.windows.common-controls_6595b64144ccf1df_6.0.26100.4202_none_3e0698d4e335f517;C:\Users\LENOVO\.jdks\openjdk-21.0.2\bin\server

VM Arguments:
jvm_args: -ea -Didea.test.cyclic.buffer.size=1048576 -javaagent:C:\Program Files\JetBrains\IntelliJ IDEA Community Edition 2023.3.6\lib\idea_rt.jar=49753:C:\Program Files\JetBrains\IntelliJ IDEA Community Edition 2023.3.6\bin -Dfile.encoding=UTF-8 -Dsun.stdout.encoding=UTF-8 -Dsun.stderr.encoding=UTF-8 
java_command: com.intellij.rt.junit.JUnitStarter -ideVersion5 -junit4 runners.TestRunner
java_class_path (initial): C:\Program Files\JetBrains\IntelliJ IDEA Community Edition 2023.3.6\lib\idea_rt.jar;C:\Program Files\JetBrains\IntelliJ IDEA Community Edition 2023.3.6\plugins\junit\lib\junit5-rt.jar;C:\Program Files\JetBrains\IntelliJ IDEA Community Edition 2023.3.6\plugins\junit\lib\junit-rt.jar;E:\A KULIAAH\SEMESTER 4\PPPL\HepiKoreaTesting\target\test-classes;E:\A KULIAAH\SEMESTER 4\PPPL\HepiKoreaTesting\target\classes;C:\Users\LENOVO\.m2\repository\org\junit\jupiter\junit-jupiter\5.11.4\junit-jupiter-5.11.4.jar;C:\Users\LENOVO\.m2\repository\org\junit\jupiter\junit-jupiter-api\5.11.4\junit-jupiter-api-5.11.4.jar;C:\Users\LENOVO\.m2\repository\org\opentest4j\opentest4j\1.3.0\opentest4j-1.3.0.jar;C:\Users\LENOVO\.m2\repository\org\junit\platform\junit-platform-commons\1.11.4\junit-platform-commons-1.11.4.jar;C:\Users\LENOVO\.m2\repository\org\junit\jupiter\junit-jupiter-params\5.11.4\junit-jupiter-params-5.11.4.jar;C:\Users\LENOVO\.m2\repository\org\junit\jupiter\junit-jupiter-engine\5.11.4\junit-jupiter-engine-5.11.4.jar;C:\Users\LENOVO\.m2\repository\org\mockito\mockito-junit-jupiter\5.10.0\mockito-junit-jupiter-5.10.0.jar;C:\Users\LENOVO\.m2\repository\org\mockito\mockito-core\5.10.0\mockito-core-5.10.0.jar;C:\Users\LENOVO\.m2\repository\net\bytebuddy\byte-buddy\1.14.11\byte-buddy-1.14.11.jar;C:\Users\LENOVO\.m2\repository\net\bytebuddy\byte-buddy-agent\1.14.11\byte-buddy-agent-1.14.11.jar;C:\Users\LENOVO\.m2\repository\org\objenesis\objenesis\3.3\objenesis-3.3.jar;C:\Users\LENOVO\.m2\repository\org\seleniumhq\selenium\selenium-java\4.32.0\selenium-java-4.32.0.jar;C:\Users\LENOVO\.m2\repository\org\seleniumhq\selenium\selenium-api\4.32.0\selenium-api-4.32.0.jar;C:\Users\LENOVO\.m2\repository\org\jspecify\jspecify\1.0.0\jspecify-1.0.0.jar;C:\Users\LENOVO\.m2\repository\org\seleniumhq\selenium\selenium-chrome-driver\4.32.0\selenium-chrome-driver-4.32.0.jar;C:\Users\LENOVO\.m2\repository\com\google\auto\service\auto-service-annotations\1.1.1\auto-service-annotations-1.1.1.jar;C:\Users\LENOVO\.m2\repository\org\seleniumhq\selenium\selenium-chromium-driver\4.32.0\selenium-chromium-driver-4.32.0.jar;C:\Users\LENOVO\.m2\repository\org\seleniumhq\selenium\selenium-json\4.32.0\selenium-json-4.32.0.jar;C:\Users\LENOVO\.m2\repository\org\seleniumhq\selenium\selenium-manager\4.32.0\selenium-manager-4.32.0.jar;C:\Users\LENOVO\.m2\repository\org\seleniumhq\selenium\selenium-devtools-v134\4.32.0\selenium-devtools-v134-4.32.0.jar;C:\Users\LENOVO\.m2\repository\org\seleniumhq\selenium\selenium-devtools-v135\4.32.0\selenium-devtools-v135-4.32.0.jar;C:\Users\LENOVO\.m2\repository\org\seleniumhq\selenium\selenium-devtools-v136\4.32.0\selenium-devtools-v136-4.32.0.jar;C:\Users\LENOVO\.m2\repository\org\seleniumhq\selenium\selenium-edge-driver\4.32.0\selenium-edge-driver-4.32.0.jar;C:\Users\LENOVO\.m2\repository\org\seleniumhq\selenium\selenium-firefox-driver\4.32.0\selenium-firefox-driver-4.32.0.jar;C:\Users\LENOVO\.m2\repository\org\seleniumhq\selenium\selenium-http\4.32.0\selenium-http-4.32.0.jar;C:\Users\LENOVO\.m2\repository\org\seleniumhq\selenium\selenium-ie-driver\4.32.0\selenium-ie-driver-4.32.0.jar;C:\Users\LENOVO\.m2\repository\org\seleniumhq\selenium\selenium-remote-driver\4.32.0\selenium-remote-driver-4.32.0.jar;C:\Users\LENOVO\.m2\repository\com\google\guava\guava\33.4.8-jre\guava-33.4.8-jre.jar;C:\Users\LENOVO\.m2\repository\com\google\guava\failureaccess\1.0.3\failureaccess-1.0.3.jar;C:\Users\LENOVO\.m2\repository\com\google\guava\listenablefuture\9999.0-empty-to-avoid-conflict-with-guava\listenablefuture-9999.0-empty-to-avoid-conflict-with-guava.jar;C:\Users\LENOVO\.m2\repository\com\google\errorprone\error_prone_annotations\2.36.0\error_prone_annotations-2.36.0.jar;C:\Users\LENOVO\.m2\repository\com\google\j2objc\j2objc-annotations\3.0.0\j2objc-annotations-3.0.0.jar;C:\Users\LENOVO\.m2\repository\io\opentelemetry\opentelemetry-api\1.49.0\opentelemetry-api-1.49.0.jar;C:\Users\LENOVO\.m2\repository\io\opentelemetry\opentelemetry-context\1.49.0\opentelemetry-context-1.49.0.jar;C:\Users\LENOVO\.m2\repository\io\opentelemetry\opentelemetry-exporter-logging\1.49.0\opentelemetry-exporter-logging-1.49.0.jar;C:\Users\LENOVO\.m2\repository\io\opentelemetry\opentelemetry-sdk-common\1.49.0\opentelemetry-sdk-common-1.49.0.jar;C:\Users\LENOVO\.m2\repository\io\opentelemetry\opentelemetry-sdk-extension-autoconfigure-spi\1.49.0\opentelemetry-sdk-extension-autoconfigure-spi-1.49.0.jar;C:\Users\LENOVO\.m2\repository\io\opentelemetry\opentelemetry-sdk-extension-autoconfigure\1.49.0\opentelemetry-sdk-extension-autoconfigure-1.49.0.jar;C:\Users\LENOVO\.m2\repository\io\opentelemetry\opentelemetry-sdk-trace\1.49.0\opentelemetry-sdk-trace-1.49.0.jar;C:\Users\LENOVO\.m2\repository\io\opentelemetry\opentelemetry-sdk\1.49.0\opentelemetry-sdk-1.49.0.jar;C:\Users\LENOVO\.m2\repository\io\opentelemetry\opentelemetry-sdk-metrics\1.49.0\opentelemetry-sdk-metrics-1.49.0.jar;C:\Users\LENOVO\.m2\repository\io\opentelemetry\opentelemetry-sdk-logs\1.49.0\opentelemetry-sdk-logs-1.49.0.jar;C:\Users\LENOVO\.m2\repository\org\seleniumhq\selenium\selenium-os\4.32.0\selenium-os-4.32.0.jar;C:\Users\LENOVO\.m2\repository\org\apache\commons\commons-exec\1.4.0\commons-exec-1.4.0.jar;C:\Users\LENOVO\.m2\repository\org\seleniumhq\selenium\selenium-safari-driver\4.32.0\selenium-safari-driver-4.32.0.jar;C:\Users\LENOVO\.m2\repository\org\seleniumhq\selenium\selenium-support\4.32.0\selenium-support-4.32.0.jar;C:\Users\LENOVO\.m2\repository\io\cucumber\cucumber-java\7.14.0\cucumber-java-7.14.0.jar;C:\Users\LENOVO\.m2\repository\io\cucumber\cucumber-core\7.14.0\cucumber-core-7.14.0.jar;C:\Users\LENOVO\.m2\repository\io\cucumber\cucumber-gherkin\7.14.0\cucumber-gherkin-7.14.0.jar;C:\Users\LENOVO\.m2\repository\io\cucumber\cucumber-gherkin-messages\7.14.0\cucumber-gherkin-messages-7.14.0.jar;C:\Users\LENOVO\.m2\repository\io\cucumber\tag-expressions\5.0.6\tag-expressions-5.0.6.jar;C:\Users\LENOVO\.m2\repository\io\cucumber\cucumber-expressions\16.1.2\cucumber-expressions-16.1.2.jar;C:\Users\LENOVO\.m2\repository\io\cucumber\datatable\7.14.0\datatable-7.14.0.jar;C:\Users\LENOVO\.m2\repository\io\cucumber\cucumber-plugin\7.14.0\cucumber-plugin-7.14.0.jar;C:\Users\LENOVO\.m2\repository\io\cucumber\docstring\7.14.0\docstring-7.14.0.jar;C:\Users\LENOVO\.m2\repository\io\cucumber\html-formatter\20.4.0\html-formatter-20.4.0.jar;C:\Users\LENOVO\.m2\repository\io\cucumber\junit-xml-formatter\0.2.0\junit-xml-formatter-0.2.0.jar;C:\Users\LENOVO\.m2\repository\io\cucumber\ci-environment\9.2.0\ci-environment-9.2.0.jar;C:\Users\LENOVO\.m2\repository\org\apiguardian\apiguardian-api\1.1.2\apiguardian-api-1.1.2.jar;C:\Users\LENOVO\.m2\repository\io\cucumber\cucumber-junit\7.14.0\cucumber-junit-7.14.0.jar;C:\Users\LENOVO\.m2\repository\junit\junit\4.13.2\junit-4.13.2.jar;C:\Users\LENOVO\.m2\repository\org\hamcrest\hamcrest-core\1.3\hamcrest-core-1.3.jar;C:\Users\LENOVO\.m2\repository\io\cucumber\cucumber-junit-platform-engine\7.14.0\cucumber-junit-platform-engine-7.14.0.jar;C:\Users\LENOVO\.m2\repository\org\junit\platform\junit-platform-engine\1.10.0\junit-platform-engine-1.10.0.jar;C:\Users\LENOVO\.m2\repository\com\aventstack\extentreports\5.1.1\extentreports-5.1.1.jar;C:\Users\LENOVO\.m2\repository\io\reactivex\rxjava3\rxjava\3.1.6\rxjava-3.1.6.jar;C:\Users\LENOVO\.m2\repository\org\reactivestreams\reactive-streams\1.0.4\reactive-streams-1.0.4.jar;C:\Users\LENOVO\.m2\repository\org\freemarker\freemarker\2.3.32\freemarker-2.3.32.jar;C:\Users\LENOVO\.m2\repository\org\projectlombok\lombok\1.18.26\lombok-1.18.26.jar;C:\Users\LENOVO\.m2\repository\com\google\code\gson\gson\2.10.1\gson-2.10.1.jar;C:\Users\LENOVO\.m2\repository\org\testng\testng\7.8.0\testng-7.8.0.jar;C:\Users\LENOVO\.m2\repository\org\slf4j\slf4j-api\1.7.36\slf4j-api-1.7.36.jar;C:\Users\LENOVO\.m2\repository\com\beust\jcommander\1.82\jcommander-1.82.jar;C:\Users\LENOVO\.m2\repository\org\webjars\jquery\3.6.1\jquery-3.6.1.jar;C:\Users\LENOVO\.m2\repository\io\cucumber\gherkin\26.0.0\gherkin-26.0.0.jar;C:\Users\LENOVO\.m2\repository\io\cucumber\messages\21.0.1\messages-21.0.1.jar
Launcher Type: SUN_STANDARD

[Global flags]
     intx CICompilerCount                          = 4                                         {product} {ergonomic}
     uint ConcGCThreads                            = 2                                         {product} {ergonomic}
     uint G1ConcRefinementThreads                  = 8                                         {product} {ergonomic}
   size_t G1HeapRegionSize                         = 2097152                                   {product} {ergonomic}
    uintx GCDrainStackTargetSize                   = 64                                        {product} {ergonomic}
   size_t InitialHeapSize                          = 266338304                                 {product} {ergonomic}
   size_t MarkStackSize                            = 4194304                                   {product} {ergonomic}
   size_t MaxHeapSize                              = 4238344192                                {product} {ergonomic}
   size_t MinHeapDeltaBytes                        = 2097152                                   {product} {ergonomic}
   size_t MinHeapSize                              = 8388608                                   {product} {ergonomic}
    uintx NonNMethodCodeHeapSize                   = 5839372                                {pd product} {ergonomic}
    uintx NonProfiledCodeHeapSize                  = 122909434                              {pd product} {ergonomic}
    uintx ProfiledCodeHeapSize                     = 122909434                              {pd product} {ergonomic}
    uintx ReservedCodeCacheSize                    = 251658240                              {pd product} {ergonomic}
     bool SegmentedCodeCache                       = true                                      {product} {ergonomic}
   size_t SoftMaxHeapSize                          = 4238344192                             {manageable} {ergonomic}
     bool UseCompressedOops                        = true                           {product lp64_product} {ergonomic}
     bool UseG1GC                                  = true                                      {product} {ergonomic}
     bool UseLargePagesIndividualAllocation        = false                                  {pd product} {ergonomic}

Logging:
Log output configuration:
 #0: stdout all=warning uptime,level,tags foldmultilines=false
 #1: stderr all=off uptime,level,tags foldmultilines=false

Environment Variables:
PATH=C:\app\LENOVO\product\21c\cfgtoollogs\dbca\dbhomeXE\bin;C:\app\LENOVO\product\21c\dbhomeXE\bin;C:\Program Files (x86)\Common Files\Intel\Shared Libraries\redist\intel64\compiler;C:\Program Files (x86)\Common Files\Intel\Shared Files\cpp\bin\Intel64;C:\Windows\system32;C:\Windows;C:\Windows\System32\Wbem;C:\Windows\System32\WindowsPowerShell\v1.0\;C:\Windows\System32\OpenSSH\;C:\Program Files (x86)\NVIDIA Corporation\PhysX\Common;C:\WINDOWS\system32;C:\WINDOWS;C:\WINDOWS\System32\Wbem;C:\WINDOWS\System32\WindowsPowerShell\v1.0\;C:\WINDOWS\System32\OpenSSH\;C:\Program Files\IBM\SPSS\Statistics\22\JRE\bin;C:\Program Files\NVIDIA Corporation\NVIDIA NvDLISR;C:\WINDOWS\system32;C:\WINDOWS;C:\WINDOWS\System32\Wbem;C:\WINDOWS\System32\WindowsPowerShell\v1.0\;C:\WINDOWS\System32\OpenSSH\;C:\xampp\php;C:\ProgramData\ComposerSetup\bin;C:\Program Files\Git\cmd;C:\laragon\bin\php\php-8.3.13;C:\Program Files\MySQL\MySQL Shell 8.0\bin\;C:\Users\LENOVO\AppData\Local\Yarn\config\global\node_modules\.bin;C:\Users\LENOVO\AppData\Roaming\Composer\vendor\bin;C:\Users\LENOVO\AppData\Roaming\npm;D:\laragon\bin;D:\laragon\bin\apache\httpd-2.4.59-win64-VS17\bin;D:\laragon\bin\composer;D:\laragon\bin\git\bin;D:\laragon\bin\git\cmd;D:\laragon\bin\git\mingw64\bin;D:\laragon\bin\git\usr\bin;D:\laragon\bin\laragon\utils;D:\laragon\bin\mysql\mysql-8.0.30-winx64\bin;D:\laragon\bin\nginx\nginx-1.22.0;D:\laragon\bin\ngrok;D:\laragon\bin\nodejs\node-v18;D:\laragon\bin\notepad++;D:\laragon\bin\php\php-8.2.19-Win32-vs16-x64;D:\laragon\bin\python\python-3.10;D:\laragon\bin\python\python-3.10\Scripts;D:\laragon\bin\redis\redis-x64-5.0.14.1;D:\laragon\bin\telnet;D:\laragon\usr\bin;C:\Users\LENOVO\AppData\Local\Programs\Python\Python311\Scripts\;C:\Users\LENOVO\AppData\Local\Programs\Python\Python311\;C:\Users\LENOVO\AppData\Local\Microsoft\WindowsApps;C:\Users\LENOVO\AppData\Local\Programs\Microsoft VS Code\bin;;C:\Users\LENOVO\AppData\Local\Microsoft\WindowsApps
USERNAME=LENOVO
OS=Windows_NT
PROCESSOR_IDENTIFIER=Intel64 Family 6 Model 140 Stepping 2, GenuineIntel
TMP=C:\Users\LENOVO\AppData\Local\Temp
TEMP=C:\Users\LENOVO\AppData\Local\Temp




Periodic native trim disabled

---------------  S Y S T E M  ---------------

OS:
 Windows 11 , 64 bit Build 26100 (10.0.26100.4202)
OS uptime: 1 days 16:01 hours

CPU: total 8 (initial active 8) (4 cores per cpu, 2 threads per core) family 6 model 140 stepping 2 microcode 0x16, cx8, cmov, fxsr, ht, mmx, 3dnowpref, sse, sse2, sse3, ssse3, sse4.1, sse4.2, popcnt, lzcnt, tsc, tscinvbit, avx, avx2, aes, erms, clmul, bmi1, bmi2, adx, avx512f, avx512dq, avx512cd, avx512bw, avx512vl, sha, fma, vzeroupper, avx512_vpopcntdq, avx512_vpclmulqdq, avx512_vaes, avx512_vnni, clflush, clflushopt, clwb, avx512_vbmi2, avx512_vbmi, rdtscp, rdpid, fsrm, gfni, avx512_bitalg, f16c, pku, cet_ibt, cet_ss, avx512_ifma
Processor Information for all 8 processors :
  Max Mhz: 3187, Current Mhz: 3187, Mhz Limit: 3187

Memory: 4k page, system-wide physical 16167M (4704M free)
TotalPageFile size 16167M (AvailPageFile size 49M)
current process WorkingSet (physical memory assigned to process): 12M, peak: 12M
current process commit charge ("private bytes"): 60M, peak: 314M

vm_info: OpenJDK 64-Bit Server VM (21.0.2+13-58) for windows-amd64 JRE (21.0.2+13-58), built on 2024-01-05T18:32:24Z by "mach5one" with MS VC++ 17.1 (VS2022)

END.
